<?xml version="1.0" encoding="UTF-8"?>
<!-- Generated by org.testng.reporters.JUnitReportReporter -->
<testsuite hostname="LAPTOP-QJAOBPES" failures="0" tests="1" name="tests.TestThree" time="10.004" errors="0" timestamp="2023-07-25T19:26:19 IST" skipped="0">
  <testcase classname="tests.TestThree" name="openApplication" time="10.004"/>
</testsuite> <!-- tests.TestThree -->
