<?xml version="1.0" encoding="UTF-8"?>
<!-- Generated by org.testng.reporters.JUnitReportReporter -->
<testsuite hostname="LAPTOP-QJAOBPES" failures="0" tests="1" name="tests.TestOne" time="10.528" errors="0" timestamp="2023-07-25T19:26:19 IST" skipped="0">
  <testcase classname="tests.TestOne" name="openApplication" time="10.528"/>
</testsuite> <!-- tests.TestOne -->
